[debug] [2022-05-08T16:54:41.025Z] ----------------------------------------------------------------------
[debug] [2022-05-08T16:54:41.028Z] Command:       C:\Program Files (x86)\nodejs\node.exe C:\Users\USER\AppData\Roaming\npm\node_modules\firebase-tools\lib\bin\firebase.js init
[debug] [2022-05-08T16:54:41.028Z] CLI Version:   10.6.0
[debug] [2022-05-08T16:54:41.028Z] Platform:      win32
[debug] [2022-05-08T16:54:41.028Z] Node Version:  v14.17.0
[debug] [2022-05-08T16:54:41.029Z] Time:          Sun May 08 2022 22:54:41 GMT+0600 (Bangladesh Standard Time)
[debug] [2022-05-08T16:54:41.029Z] ----------------------------------------------------------------------
[debug] 
[debug] [2022-05-08T16:54:41.036Z] > command requires scopes: ["email","openid","https://www.googleapis.com/auth/cloudplatformprojects.readonly","https://www.googleapis.com/auth/firebase","https://www.googleapis.com/auth/cloud-platform"]
[debug] [2022-05-08T16:54:41.036Z] > authorizing via signed-in user (abirahman.cse@gmail.com)
[info] 
     ######## #### ########  ######## ########     ###     ######  ########
     ##        ##  ##     ## ##       ##     ##  ##   ##  ##       ##
     ######    ##  ########  ######   ########  #########  ######  ######
     ##        ##  ##    ##  ##       ##     ## ##     ##       ## ##
     ##       #### ##     ## ######## ########  ##     ##  ######  ########

You're about to initialize a Firebase project in this directory:

  D:\COMPLETE WEB DEVELOPMENT-5th Batch\All Assignment'S\Module-70-Assimment-11\client-side-assignment

[info] 
=== Project Setup
[info] 
[info] First, let's associate this project directory with a Firebase project.
[info] You can create multiple project aliases by running firebase use --add, 
[info] but for now we'll just set up a default project.
[info] 
[debug] [2022-05-08T16:54:50.266Z] >>> [apiv2][query] GET https://firebase.googleapis.com/v1beta1/projects pageSize=100
[debug] [2022-05-08T16:54:51.369Z] <<< [apiv2][status] GET https://firebase.googleapis.com/v1beta1/projects 200
[debug] [2022-05-08T16:54:51.369Z] <<< [apiv2][body] GET https://firebase.googleapis.com/v1beta1/projects [omitted]
[debug] [2022-05-08T16:58:48.278Z] ----------------------------------------------------------------------
[debug] [2022-05-08T16:58:48.280Z] Command:       C:\Program Files (x86)\nodejs\node.exe C:\Users\USER\AppData\Roaming\npm\node_modules\firebase-tools\lib\bin\firebase.js init
[debug] [2022-05-08T16:58:48.281Z] CLI Version:   10.6.0
[debug] [2022-05-08T16:58:48.281Z] Platform:      win32
[debug] [2022-05-08T16:58:48.281Z] Node Version:  v14.17.0
[debug] [2022-05-08T16:58:48.282Z] Time:          Sun May 08 2022 22:58:48 GMT+0600 (Bangladesh Standard Time)
[debug] [2022-05-08T16:58:48.282Z] ----------------------------------------------------------------------
[debug] 
[debug] [2022-05-08T16:58:48.289Z] > command requires scopes: ["email","openid","https://www.googleapis.com/auth/cloudplatformprojects.readonly","https://www.googleapis.com/auth/firebase","https://www.googleapis.com/auth/cloud-platform"]
[debug] [2022-05-08T16:58:48.289Z] > authorizing via signed-in user (abirahman.cse@gmail.com)
[info] 
     ######## #### ########  ######## ########     ###     ######  ########
     ##        ##  ##     ## ##       ##     ##  ##   ##  ##       ##
     ######    ##  ########  ######   ########  #########  ######  ######
     ##        ##  ##    ##  ##       ##     ## ##     ##       ## ##
     ##       #### ##     ## ######## ########  ##     ##  ######  ########

You're about to initialize a Firebase project in this directory:

  D:\COMPLETE WEB DEVELOPMENT-5th Batch\All Assignment'S\Module-70-Assimment-11\client-side-assignment

[info] 
=== Project Setup
[info] 
[info] First, let's associate this project directory with a Firebase project.
[info] You can create multiple project aliases by running firebase use --add, 
[info] but for now we'll just set up a default project.
[info] 
[debug] [2022-05-08T16:59:10.591Z] >>> [apiv2][query] GET https://firebase.googleapis.com/v1beta1/projects pageSize=100
[debug] [2022-05-08T16:59:10.612Z] Failed to make request to https://firebase.googleapis.com/v1beta1/projects?pageSize=100
[debug] [2022-05-08T16:59:10.613Z] FirebaseError: Failed to make request to https://firebase.googleapis.com/v1beta1/projects?pageSize=100
    at RetryOperation._fn (C:\Users\USER\AppData\Roaming\npm\node_modules\firebase-tools\lib\apiv2.js:240:31)
    at processTicksAndRejections (internal/process/task_queues.js:95:5)
[error] 
[error] Error: Failed to list Firebase projects. See firebase-debug.log for more info.
[debug] [2022-05-08T18:09:35.769Z] Error: kill ENOSYS
    at process.kill (internal/process/per_thread.js:200:13)
    at process.listener (C:\Users\USER\AppData\Roaming\npm\node_modules\firebase-tools\node_modules\signal-exit\index.js:95:15)
    at process.emit (events.js:376:20)
[error] 
[error] Error: An unexpected error has occurred.
